<?xml version="1.0" encoding="UTF-8"?>
<coverage generated="1753734743333" clover="3.2.0">
  <project timestamp="1753734743333" name="All files">
    <metrics statements="545" coveredstatements="503" conditionals="56" coveredconditionals="45" methods="23" coveredmethods="19" elements="624" coveredelements="567" complexity="0" loc="545" ncloc="545" packages="3" files="15" classes="15"/>
    <package name="src">
      <metrics statements="156" coveredstatements="120" conditionals="14" coveredconditionals="10" methods="5" coveredmethods="2"/>
      <file name="App.tsx" path="C:\Users\igorm\OneDrive\Документы\JS Coding 2025\02_React\rs-react2025\rs-react-app\src\App.tsx">
        <metrics statements="140" coveredstatements="120" conditionals="13" coveredconditionals="10" methods="4" coveredmethods="2"/>
        <line num="1" count="1" type="stmt"/>
        <line num="2" count="1" type="stmt"/>
        <line num="3" count="1" type="stmt"/>
        <line num="4" count="1" type="stmt"/>
        <line num="5" count="1" type="stmt"/>
        <line num="6" count="1" type="stmt"/>
        <line num="7" count="1" type="stmt"/>
        <line num="8" count="1" type="stmt"/>
        <line num="9" count="1" type="stmt"/>
        <line num="10" count="1" type="stmt"/>
        <line num="11" count="1" type="stmt"/>
        <line num="12" count="1" type="stmt"/>
        <line num="14" count="167" type="cond" truecount="1" falsecount="0"/>
        <line num="15" count="167" type="stmt"/>
        <line num="16" count="167" type="stmt"/>
        <line num="17" count="167" type="stmt"/>
        <line num="18" count="167" type="stmt"/>
        <line num="19" count="167" type="stmt"/>
        <line num="20" count="167" type="stmt"/>
        <line num="21" count="167" type="stmt"/>
        <line num="22" count="167" type="stmt"/>
        <line num="23" count="167" type="stmt"/>
        <line num="24" count="167" type="stmt"/>
        <line num="25" count="167" type="stmt"/>
        <line num="26" count="167" type="stmt"/>
        <line num="28" count="167" type="stmt"/>
        <line num="29" count="167" type="cond" truecount="1" falsecount="0"/>
        <line num="30" count="46" type="stmt"/>
        <line num="31" count="46" type="stmt"/>
        <line num="32" count="46" type="stmt"/>
        <line num="33" count="46" type="cond" truecount="1" falsecount="0"/>
        <line num="34" count="43" type="stmt"/>
        <line num="35" count="43" type="stmt"/>
        <line num="36" count="43" type="stmt"/>
        <line num="37" count="43" type="cond" truecount="0" falsecount="1"/>
        <line num="38" count="0" type="stmt"/>
        <line num="39" count="0" type="stmt"/>
        <line num="40" count="0" type="stmt"/>
        <line num="42" count="0" type="stmt"/>
        <line num="43" count="0" type="stmt"/>
        <line num="44" count="46" type="stmt"/>
        <line num="45" count="46" type="cond" truecount="1" falsecount="0"/>
        <line num="46" count="43" type="stmt"/>
        <line num="47" count="43" type="cond" truecount="1" falsecount="0"/>
        <line num="48" count="4300" type="cond" truecount="1" falsecount="0"/>
        <line num="49" count="544" type="stmt"/>
        <line num="50" count="4300" type="cond" truecount="1" falsecount="0"/>
        <line num="51" count="3756" type="stmt"/>
        <line num="52" count="3756" type="stmt"/>
        <line num="53" count="43" type="stmt"/>
        <line num="54" count="43" type="stmt"/>
        <line num="55" count="46" type="stmt"/>
        <line num="56" count="46" type="stmt"/>
        <line num="57" count="0" type="stmt"/>
        <line num="58" count="0" type="stmt"/>
        <line num="59" count="0" type="stmt"/>
        <line num="61" count="0" type="stmt"/>
        <line num="62" count="46" type="stmt"/>
        <line num="63" count="46" type="stmt"/>
        <line num="64" count="167" type="stmt"/>
        <line num="65" count="167" type="stmt"/>
        <line num="67" count="167" type="cond" truecount="1" falsecount="0"/>
        <line num="68" count="46" type="stmt"/>
        <line num="69" count="167" type="stmt"/>
        <line num="71" count="167" type="cond" truecount="1" falsecount="0"/>
        <line num="72" count="92" type="stmt"/>
        <line num="73" count="92" type="stmt"/>
        <line num="74" count="92" type="stmt"/>
        <line num="75" count="92" type="cond" truecount="0" falsecount="1"/>
        <line num="76" count="0" type="stmt"/>
        <line num="77" count="0" type="stmt"/>
        <line num="78" count="0" type="stmt"/>
        <line num="79" count="0" type="stmt"/>
        <line num="80" count="92" type="stmt"/>
        <line num="81" count="92" type="stmt"/>
        <line num="82" count="92" type="stmt"/>
        <line num="83" count="92" type="cond" truecount="0" falsecount="1"/>
        <line num="84" count="0" type="stmt"/>
        <line num="85" count="92" type="stmt"/>
        <line num="86" count="92" type="stmt"/>
        <line num="87" count="92" type="stmt"/>
        <line num="88" count="167" type="stmt"/>
        <line num="90" count="167" type="stmt"/>
        <line num="91" count="167" type="stmt"/>
        <line num="92" count="167" type="stmt"/>
        <line num="93" count="167" type="stmt"/>
        <line num="94" count="167" type="stmt"/>
        <line num="95" count="167" type="stmt"/>
        <line num="96" count="167" type="stmt"/>
        <line num="97" count="167" type="stmt"/>
        <line num="98" count="167" type="stmt"/>
        <line num="99" count="167" type="stmt"/>
        <line num="100" count="167" type="stmt"/>
        <line num="101" count="167" type="cond" truecount="1" falsecount="0"/>
        <line num="102" count="41" type="stmt"/>
        <line num="103" count="41" type="stmt"/>
        <line num="104" count="41" type="stmt"/>
        <line num="105" count="167" type="stmt"/>
        <line num="106" count="0" type="stmt"/>
        <line num="107" count="0" type="stmt"/>
        <line num="109" count="0" type="stmt"/>
        <line num="110" count="0" type="stmt"/>
        <line num="111" count="0" type="stmt"/>
        <line num="112" count="0" type="stmt"/>
        <line num="113" count="167" type="stmt"/>
        <line num="114" count="167" type="stmt"/>
        <line num="115" count="167" type="stmt"/>
        <line num="116" count="167" type="stmt"/>
        <line num="117" count="167" type="stmt"/>
        <line num="118" count="167" type="stmt"/>
        <line num="119" count="167" type="stmt"/>
        <line num="120" count="167" type="stmt"/>
        <line num="121" count="167" type="stmt"/>
        <line num="122" count="167" type="stmt"/>
        <line num="123" count="167" type="stmt"/>
        <line num="126" count="167" type="stmt"/>
        <line num="127" count="167" type="stmt"/>
        <line num="128" count="167" type="stmt"/>
        <line num="129" count="167" type="stmt"/>
        <line num="130" count="167" type="stmt"/>
        <line num="131" count="167" type="stmt"/>
        <line num="132" count="167" type="stmt"/>
        <line num="133" count="167" type="stmt"/>
        <line num="134" count="167" type="stmt"/>
        <line num="135" count="167" type="stmt"/>
        <line num="136" count="167" type="stmt"/>
        <line num="138" count="167" type="stmt"/>
        <line num="139" count="167" type="stmt"/>
        <line num="140" count="167" type="stmt"/>
        <line num="141" count="167" type="stmt"/>
        <line num="142" count="167" type="stmt"/>
        <line num="143" count="167" type="stmt"/>
        <line num="144" count="167" type="stmt"/>
        <line num="145" count="167" type="stmt"/>
        <line num="146" count="167" type="stmt"/>
        <line num="147" count="167" type="stmt"/>
        <line num="149" count="167" type="stmt"/>
        <line num="150" count="167" type="stmt"/>
        <line num="151" count="167" type="stmt"/>
        <line num="153" count="167" type="stmt"/>
      </file>
      <file name="main.tsx" path="C:\Users\igorm\OneDrive\Документы\JS Coding 2025\02_React\rs-react2025\rs-react-app\src\main.tsx">
        <metrics statements="16" coveredstatements="0" conditionals="1" coveredconditionals="0" methods="1" coveredmethods="0"/>
        <line num="1" count="0" type="cond" truecount="0" falsecount="1"/>
        <line num="2" count="0" type="stmt"/>
        <line num="3" count="0" type="stmt"/>
        <line num="4" count="0" type="stmt"/>
        <line num="5" count="0" type="stmt"/>
        <line num="6" count="0" type="stmt"/>
        <line num="7" count="0" type="stmt"/>
        <line num="8" count="0" type="stmt"/>
        <line num="9" count="0" type="stmt"/>
        <line num="10" count="0" type="stmt"/>
        <line num="11" count="0" type="stmt"/>
        <line num="12" count="0" type="stmt"/>
        <line num="13" count="0" type="stmt"/>
        <line num="14" count="0" type="stmt"/>
        <line num="15" count="0" type="stmt"/>
        <line num="16" count="0" type="stmt"/>
      </file>
    </package>
    <package name="src.component">
      <metrics statements="293" coveredstatements="287" conditionals="39" coveredconditionals="32" methods="15" coveredmethods="14"/>
      <file name="ButtonErr.tsx" path="C:\Users\igorm\OneDrive\Документы\JS Coding 2025\02_React\rs-react2025\rs-react-app\src\component\ButtonErr.tsx">
        <metrics statements="10" coveredstatements="10" conditionals="1" coveredconditionals="1" methods="1" coveredmethods="1"/>
        <line num="1" count="137" type="cond" truecount="1" falsecount="0"/>
        <line num="2" count="137" type="stmt"/>
        <line num="3" count="137" type="stmt"/>
        <line num="4" count="137" type="stmt"/>
        <line num="5" count="137" type="stmt"/>
        <line num="6" count="137" type="stmt"/>
        <line num="7" count="137" type="stmt"/>
        <line num="8" count="137" type="stmt"/>
        <line num="10" count="137" type="stmt"/>
        <line num="12" count="137" type="stmt"/>
      </file>
      <file name="Card.tsx" path="C:\Users\igorm\OneDrive\Документы\JS Coding 2025\02_React\rs-react2025\rs-react-app\src\component\Card.tsx">
        <metrics statements="18" coveredstatements="18" conditionals="1" coveredconditionals="1" methods="1" coveredmethods="1"/>
        <line num="1" count="1" type="stmt"/>
        <line num="3" count="263" type="cond" truecount="1" falsecount="0"/>
        <line num="4" count="263" type="stmt"/>
        <line num="5" count="263" type="stmt"/>
        <line num="6" count="263" type="stmt"/>
        <line num="7" count="263" type="stmt"/>
        <line num="8" count="263" type="stmt"/>
        <line num="13" count="263" type="stmt"/>
        <line num="14" count="263" type="stmt"/>
        <line num="15" count="263" type="stmt"/>
        <line num="16" count="263" type="stmt"/>
        <line num="17" count="263" type="stmt"/>
        <line num="18" count="263" type="stmt"/>
        <line num="19" count="263" type="stmt"/>
        <line num="20" count="263" type="stmt"/>
        <line num="21" count="263" type="stmt"/>
        <line num="22" count="263" type="stmt"/>
        <line num="24" count="263" type="stmt"/>
      </file>
      <file name="Details.tsx" path="C:\Users\igorm\OneDrive\Документы\JS Coding 2025\02_React\rs-react2025\rs-react-app\src\component\Details.tsx">
        <metrics statements="23" coveredstatements="23" conditionals="2" coveredconditionals="1" methods="1" coveredmethods="1"/>
        <line num="1" count="1" type="stmt"/>
        <line num="3" count="141" type="cond" truecount="1" falsecount="0"/>
        <line num="4" count="141" type="stmt"/>
        <line num="5" count="141" type="stmt"/>
        <line num="6" count="141" type="stmt"/>
        <line num="7" count="141" type="stmt"/>
        <line num="8" count="141" type="stmt"/>
        <line num="13" count="141" type="stmt"/>
        <line num="14" count="141" type="stmt"/>
        <line num="15" count="141" type="stmt"/>
        <line num="16" count="141" type="cond" truecount="0" falsecount="1"/>
        <line num="18" count="141" type="stmt"/>
        <line num="19" count="141" type="stmt"/>
        <line num="20" count="141" type="stmt"/>
        <line num="21" count="141" type="stmt"/>
        <line num="22" count="141" type="stmt"/>
        <line num="24" count="141" type="stmt"/>
        <line num="25" count="141" type="stmt"/>
        <line num="26" count="141" type="stmt"/>
        <line num="27" count="141" type="stmt"/>
        <line num="29" count="141" type="stmt"/>
        <line num="30" count="141" type="stmt"/>
        <line num="32" count="141" type="stmt"/>
      </file>
      <file name="ErrorBoundary.tsx" path="C:\Users\igorm\OneDrive\Документы\JS Coding 2025\02_React\rs-react2025\rs-react-app\src\component\ErrorBoundary.tsx">
        <metrics statements="39" coveredstatements="35" conditionals="9" coveredconditionals="8" methods="5" coveredmethods="4"/>
        <line num="1" count="1" type="stmt"/>
        <line num="3" count="1" type="stmt"/>
        <line num="6" count="1" type="stmt"/>
        <line num="7" count="1" type="cond" truecount="1" falsecount="0"/>
        <line num="8" count="7" type="stmt"/>
        <line num="9" count="7" type="stmt"/>
        <line num="10" count="7" type="stmt"/>
        <line num="12" count="1" type="cond" truecount="1" falsecount="0"/>
        <line num="13" count="6" type="stmt"/>
        <line num="14" count="6" type="stmt"/>
        <line num="16" count="1" type="cond" truecount="1" falsecount="0"/>
        <line num="17" count="3" type="cond" truecount="0" falsecount="1"/>
        <line num="18" count="0" type="stmt"/>
        <line num="19" count="0" type="stmt"/>
        <line num="20" count="3" type="stmt"/>
        <line num="21" count="3" type="stmt"/>
        <line num="22" count="1" type="cond" truecount="1" falsecount="0"/>
        <line num="23" count="15" type="cond" truecount="1" falsecount="0"/>
        <line num="24" count="9" type="stmt"/>
        <line num="25" count="9" type="stmt"/>
        <line num="26" count="9" type="stmt"/>
        <line num="27" count="9" type="stmt"/>
        <line num="28" count="9" type="cond" truecount="1" falsecount="0"/>
        <line num="29" count="9" type="stmt"/>
        <line num="30" count="9" type="cond" truecount="1" falsecount="0"/>
        <line num="31" count="9" type="stmt"/>
        <line num="32" count="9" type="stmt"/>
        <line num="33" count="9" type="stmt"/>
        <line num="34" count="0" type="stmt"/>
        <line num="35" count="0" type="stmt"/>
        <line num="36" count="9" type="stmt"/>
        <line num="37" count="9" type="stmt"/>
        <line num="39" count="9" type="stmt"/>
        <line num="40" count="9" type="stmt"/>
        <line num="42" count="9" type="cond" truecount="1" falsecount="0"/>
        <line num="44" count="6" type="stmt"/>
        <line num="45" count="15" type="stmt"/>
        <line num="46" count="1" type="stmt"/>
        <line num="48" count="1" type="stmt"/>
      </file>
      <file name="ErrorScreen.tsx" path="C:\Users\igorm\OneDrive\Документы\JS Coding 2025\02_React\rs-react2025\rs-react-app\src\component\ErrorScreen.tsx">
        <metrics statements="23" coveredstatements="23" conditionals="4" coveredconditionals="4" methods="2" coveredmethods="2"/>
        <line num="1" count="138" type="cond" truecount="1" falsecount="0"/>
        <line num="2" count="138" type="stmt"/>
        <line num="3" count="138" type="stmt"/>
        <line num="4" count="138" type="stmt"/>
        <line num="7" count="138" type="stmt"/>
        <line num="8" count="138" type="stmt"/>
        <line num="9" count="138" type="stmt"/>
        <line num="10" count="138" type="stmt"/>
        <line num="11" count="138" type="cond" truecount="1" falsecount="0"/>
        <line num="12" count="1" type="cond" truecount="1" falsecount="0"/>
        <line num="13" count="137" type="stmt"/>
        <line num="16" count="138" type="stmt"/>
        <line num="17" count="138" type="stmt"/>
        <line num="18" count="138" type="stmt"/>
        <line num="19" count="138" type="stmt"/>
        <line num="20" count="138" type="cond" truecount="1" falsecount="0"/>
        <line num="21" count="2" type="stmt"/>
        <line num="22" count="2" type="stmt"/>
        <line num="23" count="138" type="stmt"/>
        <line num="24" count="138" type="stmt"/>
        <line num="26" count="138" type="stmt"/>
        <line num="27" count="138" type="stmt"/>
        <line num="29" count="138" type="stmt"/>
      </file>
      <file name="Pagination.tsx" path="C:\Users\igorm\OneDrive\Документы\JS Coding 2025\02_React\rs-react2025\rs-react-app\src\component\Pagination.tsx">
        <metrics statements="60" coveredstatements="60" conditionals="7" coveredconditionals="6" methods="1" coveredmethods="1"/>
        <line num="1" count="1" type="stmt"/>
        <line num="3" count="137" type="cond" truecount="1" falsecount="0"/>
        <line num="4" count="137" type="stmt"/>
        <line num="5" count="137" type="stmt"/>
        <line num="6" count="137" type="stmt"/>
        <line num="9" count="137" type="stmt"/>
        <line num="10" count="137" type="stmt"/>
        <line num="11" count="137" type="stmt"/>
        <line num="13" count="137" type="stmt"/>
        <line num="14" count="137" type="stmt"/>
        <line num="15" count="137" type="stmt"/>
        <line num="16" count="137" type="stmt"/>
        <line num="17" count="137" type="cond" truecount="0" falsecount="1"/>
        <line num="18" count="137" type="stmt"/>
        <line num="20" count="137" type="stmt"/>
        <line num="21" count="137" type="stmt"/>
        <line num="22" count="137" type="stmt"/>
        <line num="23" count="137" type="stmt"/>
        <line num="24" count="137" type="stmt"/>
        <line num="26" count="137" type="stmt"/>
        <line num="27" count="137" type="stmt"/>
        <line num="28" count="137" type="stmt"/>
        <line num="29" count="137" type="stmt"/>
        <line num="30" count="137" type="stmt"/>
        <line num="31" count="137" type="stmt"/>
        <line num="32" count="137" type="stmt"/>
        <line num="33" count="137" type="stmt"/>
        <line num="34" count="137" type="cond" truecount="1" falsecount="0"/>
        <line num="35" count="119" type="stmt"/>
        <line num="36" count="119" type="stmt"/>
        <line num="37" count="119" type="stmt"/>
        <line num="38" count="119" type="stmt"/>
        <line num="39" count="119" type="stmt"/>
        <line num="40" count="119" type="cond" truecount="1" falsecount="0"/>
        <line num="41" count="14" type="cond" truecount="1" falsecount="0"/>
        <line num="42" count="105" type="stmt"/>
        <line num="45" count="119" type="stmt"/>
        <line num="46" count="119" type="stmt"/>
        <line num="47" count="119" type="stmt"/>
        <line num="48" count="119" type="stmt"/>
        <line num="50" count="137" type="stmt"/>
        <line num="52" count="137" type="stmt"/>
        <line num="53" count="137" type="stmt"/>
        <line num="54" count="137" type="cond" truecount="2" falsecount="0"/>
        <line num="55" count="137" type="stmt"/>
        <line num="57" count="137" type="stmt"/>
        <line num="58" count="137" type="stmt"/>
        <line num="59" count="137" type="stmt"/>
        <line num="60" count="137" type="stmt"/>
        <line num="61" count="137" type="stmt"/>
        <line num="63" count="137" type="stmt"/>
        <line num="64" count="137" type="stmt"/>
        <line num="65" count="137" type="stmt"/>
        <line num="66" count="137" type="stmt"/>
        <line num="67" count="137" type="stmt"/>
        <line num="68" count="137" type="stmt"/>
        <line num="69" count="137" type="stmt"/>
        <line num="70" count="137" type="stmt"/>
        <line num="71" count="137" type="stmt"/>
        <line num="73" count="137" type="stmt"/>
      </file>
      <file name="Result.tsx" path="C:\Users\igorm\OneDrive\Документы\JS Coding 2025\02_React\rs-react2025\rs-react-app\src\component\Result.tsx">
        <metrics statements="38" coveredstatements="38" conditionals="6" coveredconditionals="4" methods="1" coveredmethods="1"/>
        <line num="1" count="1" type="stmt"/>
        <line num="2" count="1" type="stmt"/>
        <line num="4" count="141" type="cond" truecount="1" falsecount="0"/>
        <line num="5" count="141" type="stmt"/>
        <line num="6" count="141" type="stmt"/>
        <line num="7" count="141" type="stmt"/>
        <line num="8" count="141" type="stmt"/>
        <line num="12" count="141" type="stmt"/>
        <line num="13" count="141" type="stmt"/>
        <line num="14" count="141" type="stmt"/>
        <line num="15" count="141" type="stmt"/>
        <line num="16" count="141" type="cond" truecount="1" falsecount="0"/>
        <line num="17" count="17" type="cond" truecount="1" falsecount="0"/>
        <line num="18" count="137" type="stmt"/>
        <line num="19" count="137" type="stmt"/>
        <line num="20" count="137" type="stmt"/>
        <line num="21" count="137" type="stmt"/>
        <line num="22" count="137" type="stmt"/>
        <line num="23" count="137" type="stmt"/>
        <line num="24" count="137" type="stmt"/>
        <line num="25" count="137" type="stmt"/>
        <line num="27" count="17" type="cond" truecount="1" falsecount="0"/>
        <line num="29" count="124" type="stmt"/>
        <line num="30" count="124" type="stmt"/>
        <line num="31" count="124" type="stmt"/>
        <line num="32" count="124" type="stmt"/>
        <line num="33" count="124" type="stmt"/>
        <line num="34" count="124" type="stmt"/>
        <line num="35" count="124" type="stmt"/>
        <line num="37" count="141" type="stmt"/>
        <line num="38" count="141" type="stmt"/>
        <line num="39" count="141" type="cond" truecount="0" falsecount="1"/>
        <line num="40" count="141" type="cond" truecount="0" falsecount="1"/>
        <line num="41" count="141" type="stmt"/>
        <line num="42" count="141" type="stmt"/>
        <line num="43" count="141" type="stmt"/>
        <line num="44" count="141" type="stmt"/>
        <line num="46" count="141" type="stmt"/>
      </file>
      <file name="Search.tsx" path="C:\Users\igorm\OneDrive\Документы\JS Coding 2025\02_React\rs-react2025\rs-react-app\src\component\Search.tsx">
        <metrics statements="39" coveredstatements="37" conditionals="2" coveredconditionals="1" methods="1" coveredmethods="1"/>
        <line num="1" count="1" type="stmt"/>
        <line num="3" count="143" type="cond" truecount="1" falsecount="0"/>
        <line num="4" count="143" type="stmt"/>
        <line num="5" count="143" type="stmt"/>
        <line num="6" count="143" type="stmt"/>
        <line num="7" count="143" type="stmt"/>
        <line num="8" count="143" type="stmt"/>
        <line num="9" count="143" type="stmt"/>
        <line num="15" count="143" type="stmt"/>
        <line num="16" count="143" type="cond" truecount="0" falsecount="1"/>
        <line num="17" count="0" type="stmt"/>
        <line num="18" count="0" type="stmt"/>
        <line num="19" count="143" type="stmt"/>
        <line num="20" count="143" type="stmt"/>
        <line num="21" count="143" type="stmt"/>
        <line num="22" count="143" type="stmt"/>
        <line num="23" count="143" type="stmt"/>
        <line num="24" count="143" type="stmt"/>
        <line num="25" count="143" type="stmt"/>
        <line num="26" count="143" type="stmt"/>
        <line num="27" count="143" type="stmt"/>
        <line num="28" count="143" type="stmt"/>
        <line num="29" count="143" type="stmt"/>
        <line num="30" count="143" type="stmt"/>
        <line num="31" count="143" type="stmt"/>
        <line num="32" count="143" type="stmt"/>
        <line num="34" count="143" type="stmt"/>
        <line num="35" count="143" type="stmt"/>
        <line num="36" count="143" type="stmt"/>
        <line num="37" count="143" type="stmt"/>
        <line num="38" count="143" type="stmt"/>
        <line num="40" count="143" type="stmt"/>
        <line num="42" count="143" type="stmt"/>
        <line num="43" count="143" type="stmt"/>
        <line num="44" count="143" type="stmt"/>
        <line num="45" count="143" type="stmt"/>
        <line num="46" count="143" type="stmt"/>
        <line num="47" count="143" type="stmt"/>
        <line num="49" count="143" type="stmt"/>
      </file>
      <file name="Spinner.tsx" path="C:\Users\igorm\OneDrive\Документы\JS Coding 2025\02_React\rs-react2025\rs-react-app\src\component\Spinner.tsx">
        <metrics statements="32" coveredstatements="32" conditionals="3" coveredconditionals="3" methods="1" coveredmethods="1"/>
        <line num="1" count="139" type="cond" truecount="1" falsecount="0"/>
        <line num="2" count="139" type="stmt"/>
        <line num="3" count="139" type="stmt"/>
        <line num="4" count="139" type="stmt"/>
        <line num="5" count="139" type="stmt"/>
        <line num="6" count="139" type="cond" truecount="1" falsecount="0"/>
        <line num="7" count="96" type="cond" truecount="1" falsecount="0"/>
        <line num="8" count="43" type="stmt"/>
        <line num="11" count="139" type="stmt"/>
        <line num="12" count="139" type="stmt"/>
        <line num="13" count="139" type="stmt"/>
        <line num="14" count="139" type="stmt"/>
        <line num="15" count="139" type="stmt"/>
        <line num="16" count="139" type="stmt"/>
        <line num="17" count="139" type="stmt"/>
        <line num="19" count="139" type="stmt"/>
        <line num="20" count="139" type="stmt"/>
        <line num="21" count="139" type="stmt"/>
        <line num="22" count="139" type="stmt"/>
        <line num="23" count="139" type="stmt"/>
        <line num="24" count="139" type="stmt"/>
        <line num="25" count="139" type="stmt"/>
        <line num="26" count="139" type="stmt"/>
        <line num="27" count="139" type="stmt"/>
        <line num="28" count="139" type="stmt"/>
        <line num="29" count="139" type="stmt"/>
        <line num="30" count="139" type="stmt"/>
        <line num="31" count="139" type="stmt"/>
        <line num="32" count="139" type="stmt"/>
        <line num="33" count="139" type="stmt"/>
        <line num="34" count="139" type="stmt"/>
        <line num="36" count="139" type="stmt"/>
      </file>
      <file name="hooks.tsx" path="C:\Users\igorm\OneDrive\Документы\JS Coding 2025\02_React\rs-react2025\rs-react-app\src\component\hooks.tsx">
        <metrics statements="11" coveredstatements="11" conditionals="4" coveredconditionals="3" methods="1" coveredmethods="1"/>
        <line num="1" count="1" type="stmt"/>
        <line num="3" count="1" type="cond" truecount="1" falsecount="0"/>
        <line num="4" count="167" type="cond" truecount="1" falsecount="0"/>
        <line num="5" count="5" type="stmt"/>
        <line num="6" count="5" type="cond" truecount="0" falsecount="1"/>
        <line num="7" count="167" type="stmt"/>
        <line num="8" count="167" type="cond" truecount="1" falsecount="0"/>
        <line num="9" count="5" type="stmt"/>
        <line num="10" count="167" type="stmt"/>
        <line num="11" count="167" type="stmt"/>
        <line num="12" count="167" type="stmt"/>
      </file>
    </package>
    <package name="src.routes">
      <metrics statements="96" coveredstatements="96" conditionals="3" coveredconditionals="3" methods="3" coveredmethods="3"/>
      <file name="About.tsx" path="C:\Users\igorm\OneDrive\Документы\JS Coding 2025\02_React\rs-react2025\rs-react-app\src\routes\About.tsx">
        <metrics statements="28" coveredstatements="28" conditionals="1" coveredconditionals="1" methods="1" coveredmethods="1"/>
        <line num="1" count="1" type="cond" truecount="1" falsecount="0"/>
        <line num="2" count="1" type="stmt"/>
        <line num="3" count="1" type="stmt"/>
        <line num="4" count="1" type="stmt"/>
        <line num="6" count="1" type="stmt"/>
        <line num="8" count="1" type="stmt"/>
        <line num="9" count="1" type="stmt"/>
        <line num="11" count="1" type="stmt"/>
        <line num="13" count="1" type="stmt"/>
        <line num="16" count="1" type="stmt"/>
        <line num="17" count="1" type="stmt"/>
        <line num="18" count="1" type="stmt"/>
        <line num="19" count="1" type="stmt"/>
        <line num="20" count="1" type="stmt"/>
        <line num="23" count="1" type="stmt"/>
        <line num="24" count="1" type="stmt"/>
        <line num="25" count="1" type="stmt"/>
        <line num="26" count="1" type="stmt"/>
        <line num="27" count="1" type="stmt"/>
        <line num="30" count="1" type="stmt"/>
        <line num="31" count="1" type="stmt"/>
        <line num="32" count="1" type="stmt"/>
        <line num="33" count="1" type="stmt"/>
        <line num="34" count="1" type="stmt"/>
        <line num="35" count="1" type="stmt"/>
        <line num="38" count="1" type="stmt"/>
        <line num="39" count="1" type="stmt"/>
        <line num="41" count="1" type="stmt"/>
      </file>
      <file name="Home.tsx" path="C:\Users\igorm\OneDrive\Документы\JS Coding 2025\02_React\rs-react2025\rs-react-app\src\routes\Home.tsx">
        <metrics statements="17" coveredstatements="17" conditionals="1" coveredconditionals="1" methods="1" coveredmethods="1"/>
        <line num="1" count="2" type="cond" truecount="1" falsecount="0"/>
        <line num="2" count="2" type="stmt"/>
        <line num="3" count="2" type="stmt"/>
        <line num="4" count="2" type="stmt"/>
        <line num="6" count="2" type="stmt"/>
        <line num="8" count="2" type="stmt"/>
        <line num="12" count="2" type="stmt"/>
        <line num="13" count="2" type="stmt"/>
        <line num="14" count="2" type="stmt"/>
        <line num="15" count="2" type="stmt"/>
        <line num="17" count="2" type="stmt"/>
        <line num="18" count="2" type="stmt"/>
        <line num="19" count="2" type="stmt"/>
        <line num="20" count="2" type="stmt"/>
        <line num="21" count="2" type="stmt"/>
        <line num="22" count="2" type="stmt"/>
        <line num="24" count="2" type="stmt"/>
      </file>
      <file name="Layout.tsx" path="C:\Users\igorm\OneDrive\Документы\JS Coding 2025\02_React\rs-react2025\rs-react-app\src\routes\Layout.tsx">
        <metrics statements="51" coveredstatements="51" conditionals="1" coveredconditionals="1" methods="1" coveredmethods="1"/>
        <line num="1" count="1" type="stmt"/>
        <line num="3" count="139" type="cond" truecount="1" falsecount="0"/>
        <line num="4" count="139" type="stmt"/>
        <line num="5" count="139" type="stmt"/>
        <line num="6" count="139" type="stmt"/>
        <line num="7" count="139" type="stmt"/>
        <line num="8" count="139" type="stmt"/>
        <line num="9" count="139" type="stmt"/>
        <line num="10" count="139" type="stmt"/>
        <line num="11" count="139" type="stmt"/>
        <line num="12" count="139" type="stmt"/>
        <line num="13" count="139" type="stmt"/>
        <line num="14" count="139" type="stmt"/>
        <line num="16" count="139" type="stmt"/>
        <line num="17" count="139" type="stmt"/>
        <line num="18" count="139" type="stmt"/>
        <line num="19" count="139" type="stmt"/>
        <line num="20" count="139" type="stmt"/>
        <line num="21" count="139" type="stmt"/>
        <line num="23" count="139" type="stmt"/>
        <line num="24" count="139" type="stmt"/>
        <line num="25" count="139" type="stmt"/>
        <line num="26" count="139" type="stmt"/>
        <line num="27" count="139" type="stmt"/>
        <line num="28" count="139" type="stmt"/>
        <line num="29" count="139" type="stmt"/>
        <line num="31" count="139" type="stmt"/>
        <line num="32" count="139" type="stmt"/>
        <line num="33" count="139" type="stmt"/>
        <line num="34" count="139" type="stmt"/>
        <line num="35" count="139" type="stmt"/>
        <line num="36" count="139" type="stmt"/>
        <line num="37" count="139" type="stmt"/>
        <line num="39" count="139" type="stmt"/>
        <line num="40" count="139" type="stmt"/>
        <line num="41" count="139" type="stmt"/>
        <line num="42" count="139" type="stmt"/>
        <line num="43" count="139" type="stmt"/>
        <line num="44" count="139" type="stmt"/>
        <line num="45" count="139" type="stmt"/>
        <line num="47" count="139" type="stmt"/>
        <line num="48" count="139" type="stmt"/>
        <line num="49" count="139" type="stmt"/>
        <line num="50" count="139" type="stmt"/>
        <line num="51" count="139" type="stmt"/>
        <line num="52" count="139" type="stmt"/>
        <line num="54" count="139" type="stmt"/>
        <line num="55" count="139" type="stmt"/>
        <line num="56" count="139" type="stmt"/>
        <line num="57" count="139" type="stmt"/>
        <line num="59" count="139" type="stmt"/>
      </file>
    </package>
  </project>
</coverage>
