{"C:\\Users\\igorm\\OneDrive\\Документы\\JS Coding 2025\\02_React\\rs-react2025\\rs-react-app\\src\\App.tsx": {"path":"C:\\Users\\igorm\\OneDrive\\Документы\\JS Coding 2025\\02_React\\rs-react2025\\rs-react-app\\src\\App.tsx","all":false,"statementMap":{"0":{"start":{"line":1,"column":0},"end":{"line":1,"column":58}},"1":{"start":{"line":2,"column":0},"end":{"line":2,"column":40}},"2":{"start":{"line":3,"column":0},"end":{"line":3,"column":40}},"3":{"start":{"line":4,"column":0},"end":{"line":4,"column":42}},"4":{"start":{"line":5,"column":0},"end":{"line":5,"column":38}},"5":{"start":{"line":6,"column":0},"end":{"line":6,"column":46}},"7":{"start":{"line":8,"column":0},"end":{"line":8,"column":29}},"8":{"start":{"line":9,"column":0},"end":{"line":9,"column":11}},"9":{"start":{"line":10,"column":0},"end":{"line":10,"column":13}},"10":{"start":{"line":11,"column":0},"end":{"line":11,"column":54}},"11":{"start":{"line":12,"column":0},"end":{"line":12,"column":64}},"12":{"start":{"line":13,"column":0},"end":{"line":13,"column":19}},"13":{"start":{"line":14,"column":0},"end":{"line":14,"column":17}},"14":{"start":{"line":15,"column":0},"end":{"line":15,"column":40}},"15":{"start":{"line":16,"column":0},"end":{"line":16,"column":23}},"16":{"start":{"line":17,"column":0},"end":{"line":17,"column":4}},"18":{"start":{"line":19,"column":0},"end":{"line":19,"column":29}},"19":{"start":{"line":20,"column":0},"end":{"line":20,"column":53}},"20":{"start":{"line":21,"column":0},"end":{"line":21,"column":27}},"21":{"start":{"line":22,"column":0},"end":{"line":22,"column":3}},"23":{"start":{"line":24,"column":0},"end":{"line":24,"column":35}},"24":{"start":{"line":25,"column":0},"end":{"line":25,"column":37}},"25":{"start":{"line":26,"column":0},"end":{"line":26,"column":25}},"26":{"start":{"line":27,"column":0},"end":{"line":27,"column":22}},"27":{"start":{"line":28,"column":0},"end":{"line":28,"column":21}},"28":{"start":{"line":29,"column":0},"end":{"line":29,"column":44}},"29":{"start":{"line":30,"column":0},"end":{"line":30,"column":28}},"30":{"start":{"line":31,"column":0},"end":{"line":31,"column":16}},"31":{"start":{"line":32,"column":0},"end":{"line":32,"column":25}},"32":{"start":{"line":33,"column":0},"end":{"line":33,"column":27}},"33":{"start":{"line":34,"column":0},"end":{"line":34,"column":24}},"34":{"start":{"line":35,"column":0},"end":{"line":35,"column":64}},"35":{"start":{"line":36,"column":0},"end":{"line":36,"column":13}},"36":{"start":{"line":37,"column":0},"end":{"line":37,"column":20}},"37":{"start":{"line":38,"column":0},"end":{"line":38,"column":9}},"38":{"start":{"line":39,"column":0},"end":{"line":39,"column":8}},"39":{"start":{"line":40,"column":0},"end":{"line":40,"column":22}},"40":{"start":{"line":41,"column":0},"end":{"line":41,"column":23}},"41":{"start":{"line":42,"column":0},"end":{"line":42,"column":61}},"42":{"start":{"line":43,"column":0},"end":{"line":43,"column":56}},"43":{"start":{"line":44,"column":0},"end":{"line":44,"column":13}},"44":{"start":{"line":45,"column":0},"end":{"line":45,"column":11}},"45":{"start":{"line":46,"column":0},"end":{"line":46,"column":8}},"46":{"start":{"line":47,"column":0},"end":{"line":47,"column":23}},"47":{"start":{"line":48,"column":0},"end":{"line":48,"column":23}},"48":{"start":{"line":49,"column":0},"end":{"line":49,"column":25}},"49":{"start":{"line":50,"column":0},"end":{"line":50,"column":22}},"50":{"start":{"line":51,"column":0},"end":{"line":51,"column":38}},"51":{"start":{"line":52,"column":0},"end":{"line":52,"column":11}},"52":{"start":{"line":53,"column":0},"end":{"line":53,"column":25}},"53":{"start":{"line":54,"column":0},"end":{"line":54,"column":9}},"54":{"start":{"line":55,"column":0},"end":{"line":55,"column":4}},"56":{"start":{"line":57,"column":0},"end":{"line":57,"column":61}},"57":{"start":{"line":58,"column":0},"end":{"line":58,"column":51}},"58":{"start":{"line":59,"column":0},"end":{"line":59,"column":4}},"60":{"start":{"line":61,"column":0},"end":{"line":61,"column":62}},"61":{"start":{"line":62,"column":0},"end":{"line":62,"column":23}},"62":{"start":{"line":63,"column":0},"end":{"line":63,"column":60}},"63":{"start":{"line":64,"column":0},"end":{"line":64,"column":48}},"64":{"start":{"line":65,"column":0},"end":{"line":65,"column":8}},"65":{"start":{"line":66,"column":0},"end":{"line":66,"column":60}},"66":{"start":{"line":67,"column":0},"end":{"line":67,"column":66}},"67":{"start":{"line":68,"column":0},"end":{"line":68,"column":27}},"68":{"start":{"line":69,"column":0},"end":{"line":69,"column":4}},"70":{"start":{"line":71,"column":0},"end":{"line":71,"column":19}},"71":{"start":{"line":72,"column":0},"end":{"line":72,"column":41}},"72":{"start":{"line":73,"column":0},"end":{"line":73,"column":4}},"73":{"start":{"line":74,"column":0},"end":{"line":74,"column":12}},"74":{"start":{"line":75,"column":0},"end":{"line":75,"column":12}},"75":{"start":{"line":76,"column":0},"end":{"line":76,"column":8}},"76":{"start":{"line":77,"column":0},"end":{"line":77,"column":74}},"77":{"start":{"line":78,"column":0},"end":{"line":78,"column":52}},"78":{"start":{"line":79,"column":0},"end":{"line":79,"column":15}},"79":{"start":{"line":80,"column":0},"end":{"line":80,"column":32}},"80":{"start":{"line":81,"column":0},"end":{"line":81,"column":37}},"81":{"start":{"line":82,"column":0},"end":{"line":82,"column":37}},"82":{"start":{"line":83,"column":0},"end":{"line":83,"column":40}},"83":{"start":{"line":84,"column":0},"end":{"line":84,"column":46}},"84":{"start":{"line":85,"column":0},"end":{"line":85,"column":18}},"85":{"start":{"line":86,"column":0},"end":{"line":86,"column":49}},"86":{"start":{"line":87,"column":0},"end":{"line":87,"column":54}},"87":{"start":{"line":88,"column":0},"end":{"line":88,"column":9}},"89":{"start":{"line":90,"column":0},"end":{"line":90,"column":3}},"90":{"start":{"line":91,"column":0},"end":{"line":91,"column":1}},"92":{"start":{"line":93,"column":0},"end":{"line":93,"column":19}}},"s":{"0":1,"1":1,"2":1,"3":1,"4":1,"5":1,"7":1,"8":14,"9":14,"10":14,"11":14,"12":14,"13":14,"14":14,"15":14,"16":14,"18":14,"19":14,"20":14,"21":14,"23":14,"24":19,"25":19,"26":19,"27":13,"28":11,"29":11,"30":13,"31":2,"32":2,"33":2,"34":2,"35":2,"36":2,"37":2,"38":19,"39":19,"40":13,"41":13,"42":606,"43":13,"44":13,"45":19,"46":19,"47":2,"48":2,"49":2,"50":2,"51":2,"52":2,"53":19,"54":19,"56":14,"57":59,"58":59,"60":14,"61":5,"62":5,"63":5,"64":5,"65":5,"66":5,"67":5,"68":5,"70":14,"71":1,"72":1,"73":14,"74":105,"75":105,"76":105,"77":105,"78":105,"79":105,"80":105,"81":105,"82":105,"83":105,"84":105,"85":105,"86":105,"87":105,"89":105,"90":14,"92":1},"branchMap":{"0":{"type":"branch","line":8,"loc":{"start":{"line":8,"column":28},"end":{"line":91,"column":1}},"locations":[{"start":{"line":8,"column":28},"end":{"line":91,"column":1}}]},"1":{"type":"branch","line":11,"loc":{"start":{"line":11,"column":46},"end":{"line":11,"column":54}},"locations":[{"start":{"line":11,"column":46},"end":{"line":11,"column":54}}]},"2":{"type":"branch","line":19,"loc":{"start":{"line":19,"column":2},"end":{"line":22,"column":3}},"locations":[{"start":{"line":19,"column":2},"end":{"line":22,"column":3}}]},"3":{"type":"branch","line":24,"loc":{"start":{"line":24,"column":15},"end":{"line":55,"column":4}},"locations":[{"start":{"line":24,"column":15},"end":{"line":55,"column":4}}]},"4":{"type":"branch","line":27,"loc":{"start":{"line":27,"column":12},"end":{"line":39,"column":7}},"locations":[{"start":{"line":27,"column":12},"end":{"line":39,"column":7}}]},"5":{"type":"branch","line":28,"loc":{"start":{"line":28,"column":20},"end":{"line":31,"column":15}},"locations":[{"start":{"line":28,"column":20},"end":{"line":31,"column":15}}]},"6":{"type":"branch","line":31,"loc":{"start":{"line":31,"column":8},"end":{"line":38,"column":9}},"locations":[{"start":{"line":31,"column":8},"end":{"line":38,"column":9}}]},"7":{"type":"branch","line":40,"loc":{"start":{"line":40,"column":12},"end":{"line":46,"column":7}},"locations":[{"start":{"line":40,"column":12},"end":{"line":46,"column":7}}]},"8":{"type":"branch","line":42,"loc":{"start":{"line":42,"column":32},"end":{"line":44,"column":11}},"locations":[{"start":{"line":42,"column":32},"end":{"line":44,"column":11}}]},"9":{"type":"branch","line":47,"loc":{"start":{"line":47,"column":13},"end":{"line":54,"column":7}},"locations":[{"start":{"line":47,"column":13},"end":{"line":54,"column":7}}]},"10":{"type":"branch","line":57,"loc":{"start":{"line":57,"column":16},"end":{"line":59,"column":4}},"locations":[{"start":{"line":57,"column":16},"end":{"line":59,"column":4}}]},"11":{"type":"branch","line":61,"loc":{"start":{"line":61,"column":54},"end":{"line":69,"column":4}},"locations":[{"start":{"line":61,"column":54},"end":{"line":69,"column":4}}]},"12":{"type":"branch","line":63,"loc":{"start":{"line":63,"column":18},"end":{"line":65,"column":6}},"locations":[{"start":{"line":63,"column":18},"end":{"line":65,"column":6}}]},"13":{"type":"branch","line":71,"loc":{"start":{"line":71,"column":12},"end":{"line":73,"column":4}},"locations":[{"start":{"line":71,"column":12},"end":{"line":73,"column":4}}]},"14":{"type":"branch","line":74,"loc":{"start":{"line":74,"column":2},"end":{"line":90,"column":3}},"locations":[{"start":{"line":74,"column":2},"end":{"line":90,"column":3}}]}},"b":{"0":[14],"1":[9],"2":[14],"3":[19],"4":[13],"5":[11],"6":[2],"7":[13],"8":[606],"9":[2],"10":[59],"11":[5],"12":[5],"13":[1],"14":[105]},"fnMap":{"0":{"name":"<instance_members_initializer>","decl":{"start":{"line":8,"column":28},"end":{"line":91,"column":1}},"loc":{"start":{"line":8,"column":28},"end":{"line":91,"column":1}},"line":8},"1":{"name":"componentDidMount","decl":{"start":{"line":19,"column":2},"end":{"line":22,"column":3}},"loc":{"start":{"line":19,"column":2},"end":{"line":22,"column":3}},"line":19},"2":{"name":"updateData","decl":{"start":{"line":24,"column":15},"end":{"line":55,"column":4}},"loc":{"start":{"line":24,"column":15},"end":{"line":55,"column":4}},"line":24},"3":{"name":"inputChange","decl":{"start":{"line":57,"column":16},"end":{"line":59,"column":4}},"loc":{"start":{"line":57,"column":16},"end":{"line":59,"column":4}},"line":57},"4":{"name":"inputSearch","decl":{"start":{"line":61,"column":54},"end":{"line":69,"column":4}},"loc":{"start":{"line":61,"column":54},"end":{"line":69,"column":4}},"line":61},"5":{"name":"onError","decl":{"start":{"line":71,"column":12},"end":{"line":73,"column":4}},"loc":{"start":{"line":71,"column":12},"end":{"line":73,"column":4}},"line":71},"6":{"name":"render","decl":{"start":{"line":74,"column":2},"end":{"line":90,"column":3}},"loc":{"start":{"line":74,"column":2},"end":{"line":90,"column":3}},"line":74}},"f":{"0":14,"1":14,"2":19,"3":59,"4":5,"5":1,"6":105}}
,"C:\\Users\\igorm\\OneDrive\\Документы\\JS Coding 2025\\02_React\\rs-react2025\\rs-react-app\\src\\main.tsx": {"path":"C:\\Users\\igorm\\OneDrive\\Документы\\JS Coding 2025\\02_React\\rs-react2025\\rs-react-app\\src\\main.tsx","all":true,"statementMap":{"0":{"start":{"line":1,"column":0},"end":{"line":1,"column":35}},"1":{"start":{"line":2,"column":0},"end":{"line":2,"column":46}},"2":{"start":{"line":3,"column":0},"end":{"line":3,"column":21}},"3":{"start":{"line":4,"column":0},"end":{"line":4,"column":28}},"4":{"start":{"line":5,"column":0},"end":{"line":5,"column":58}},"5":{"start":{"line":6,"column":0},"end":{"line":6,"column":0}},"6":{"start":{"line":7,"column":0},"end":{"line":7,"column":66}},"7":{"start":{"line":8,"column":0},"end":{"line":8,"column":14}},"8":{"start":{"line":9,"column":0},"end":{"line":9,"column":19}},"9":{"start":{"line":10,"column":0},"end":{"line":10,"column":13}},"10":{"start":{"line":11,"column":0},"end":{"line":11,"column":20}},"11":{"start":{"line":12,"column":0},"end":{"line":12,"column":15}},"12":{"start":{"line":13,"column":0},"end":{"line":13,"column":2}}},"s":{"0":0,"1":0,"2":0,"3":0,"4":0,"5":0,"6":0,"7":0,"8":0,"9":0,"10":0,"11":0,"12":0},"branchMap":{"0":{"type":"branch","line":1,"loc":{"start":{"line":1,"column":0},"end":{"line":13,"column":2}},"locations":[{"start":{"line":1,"column":0},"end":{"line":13,"column":2}}]}},"b":{"0":[0]},"fnMap":{"0":{"name":"(empty-report)","decl":{"start":{"line":1,"column":0},"end":{"line":13,"column":2}},"loc":{"start":{"line":1,"column":0},"end":{"line":13,"column":2}},"line":1}},"f":{"0":0}}
,"C:\\Users\\igorm\\OneDrive\\Документы\\JS Coding 2025\\02_React\\rs-react2025\\rs-react-app\\src\\component\\ButtonErr.tsx": {"path":"C:\\Users\\igorm\\OneDrive\\Документы\\JS Coding 2025\\02_React\\rs-react2025\\rs-react-app\\src\\component\\ButtonErr.tsx","all":false,"statementMap":{"0":{"start":{"line":1,"column":0},"end":{"line":1,"column":50}},"2":{"start":{"line":3,"column":0},"end":{"line":3,"column":60}},"3":{"start":{"line":4,"column":0},"end":{"line":4,"column":23}},"4":{"start":{"line":5,"column":0},"end":{"line":5,"column":12}},"5":{"start":{"line":6,"column":0},"end":{"line":6,"column":13}},"6":{"start":{"line":7,"column":0},"end":{"line":7,"column":31}},"7":{"start":{"line":8,"column":0},"end":{"line":8,"column":296}},"8":{"start":{"line":9,"column":0},"end":{"line":9,"column":36}},"9":{"start":{"line":10,"column":0},"end":{"line":10,"column":7}},"11":{"start":{"line":12,"column":0},"end":{"line":12,"column":15}},"13":{"start":{"line":14,"column":0},"end":{"line":14,"column":3}},"14":{"start":{"line":15,"column":0},"end":{"line":15,"column":1}},"16":{"start":{"line":17,"column":0},"end":{"line":17,"column":25}}},"s":{"0":1,"2":1,"3":1,"4":104,"5":104,"6":104,"7":104,"8":104,"9":104,"11":104,"13":104,"14":1,"16":1},"branchMap":{"0":{"type":"branch","line":4,"loc":{"start":{"line":4,"column":2},"end":{"line":14,"column":3}},"locations":[{"start":{"line":4,"column":2},"end":{"line":14,"column":3}}]}},"b":{"0":[104]},"fnMap":{"0":{"name":"render","decl":{"start":{"line":4,"column":2},"end":{"line":14,"column":3}},"loc":{"start":{"line":4,"column":2},"end":{"line":14,"column":3}},"line":4}},"f":{"0":104}}
,"C:\\Users\\igorm\\OneDrive\\Документы\\JS Coding 2025\\02_React\\rs-react2025\\rs-react-app\\src\\component\\Card.tsx": {"path":"C:\\Users\\igorm\\OneDrive\\Документы\\JS Coding 2025\\02_React\\rs-react2025\\rs-react-app\\src\\component\\Card.tsx","all":false,"statementMap":{"0":{"start":{"line":1,"column":0},"end":{"line":1,"column":34}},"2":{"start":{"line":3,"column":0},"end":{"line":3,"column":62}},"3":{"start":{"line":4,"column":0},"end":{"line":4,"column":34}},"4":{"start":{"line":5,"column":0},"end":{"line":5,"column":13}},"5":{"start":{"line":6,"column":0},"end":{"line":6,"column":13}},"6":{"start":{"line":7,"column":0},"end":{"line":7,"column":4}},"7":{"start":{"line":8,"column":0},"end":{"line":8,"column":12}},"8":{"start":{"line":9,"column":0},"end":{"line":9,"column":12}},"9":{"start":{"line":10,"column":0},"end":{"line":10,"column":111}},"10":{"start":{"line":11,"column":0},"end":{"line":11,"column":49}},"11":{"start":{"line":12,"column":0},"end":{"line":12,"column":71}},"12":{"start":{"line":13,"column":0},"end":{"line":13,"column":34}},"13":{"start":{"line":14,"column":0},"end":{"line":14,"column":14}},"14":{"start":{"line":15,"column":0},"end":{"line":15,"column":11}},"16":{"start":{"line":17,"column":0},"end":{"line":17,"column":3}},"17":{"start":{"line":18,"column":0},"end":{"line":18,"column":1}},"19":{"start":{"line":20,"column":0},"end":{"line":20,"column":20}}},"s":{"0":1,"2":1,"3":5,"4":5,"5":5,"6":5,"7":5,"8":217,"9":217,"10":217,"11":217,"12":217,"13":217,"14":217,"16":217,"17":5,"19":1},"branchMap":{"0":{"type":"branch","line":3,"loc":{"start":{"line":3,"column":61},"end":{"line":18,"column":1}},"locations":[{"start":{"line":3,"column":61},"end":{"line":18,"column":1}}]},"1":{"type":"branch","line":8,"loc":{"start":{"line":8,"column":2},"end":{"line":17,"column":3}},"locations":[{"start":{"line":8,"column":2},"end":{"line":17,"column":3}}]}},"b":{"0":[5],"1":[217]},"fnMap":{"0":{"name":"<static_initializer>","decl":{"start":{"line":3,"column":61},"end":{"line":18,"column":1}},"loc":{"start":{"line":3,"column":61},"end":{"line":18,"column":1}},"line":3},"1":{"name":"render","decl":{"start":{"line":8,"column":2},"end":{"line":17,"column":3}},"loc":{"start":{"line":8,"column":2},"end":{"line":17,"column":3}},"line":8}},"f":{"0":5,"1":217}}
,"C:\\Users\\igorm\\OneDrive\\Документы\\JS Coding 2025\\02_React\\rs-react2025\\rs-react-app\\src\\component\\Error.tsx": {"path":"C:\\Users\\igorm\\OneDrive\\Документы\\JS Coding 2025\\02_React\\rs-react2025\\rs-react-app\\src\\component\\Error.tsx","all":false,"statementMap":{"0":{"start":{"line":1,"column":0},"end":{"line":1,"column":34}},"2":{"start":{"line":3,"column":0},"end":{"line":3,"column":63}},"3":{"start":{"line":4,"column":0},"end":{"line":4,"column":12}},"4":{"start":{"line":5,"column":0},"end":{"line":5,"column":12}},"5":{"start":{"line":6,"column":0},"end":{"line":6,"column":10}},"6":{"start":{"line":7,"column":0},"end":{"line":7,"column":19}},"7":{"start":{"line":8,"column":0},"end":{"line":8,"column":24}},"8":{"start":{"line":9,"column":0},"end":{"line":9,"column":78}},"9":{"start":{"line":10,"column":0},"end":{"line":10,"column":80}},"12":{"start":{"line":13,"column":0},"end":{"line":13,"column":58}},"13":{"start":{"line":14,"column":0},"end":{"line":14,"column":66}},"14":{"start":{"line":15,"column":0},"end":{"line":15,"column":14}},"15":{"start":{"line":16,"column":0},"end":{"line":16,"column":12}},"17":{"start":{"line":18,"column":0},"end":{"line":18,"column":3}},"18":{"start":{"line":19,"column":0},"end":{"line":19,"column":1}},"20":{"start":{"line":21,"column":0},"end":{"line":21,"column":21}}},"s":{"0":1,"2":1,"3":1,"4":107,"5":107,"6":107,"7":107,"8":7,"9":100,"12":107,"13":107,"14":107,"15":107,"17":107,"18":1,"20":1},"branchMap":{"0":{"type":"branch","line":4,"loc":{"start":{"line":4,"column":2},"end":{"line":18,"column":3}},"locations":[{"start":{"line":4,"column":2},"end":{"line":18,"column":3}}]},"1":{"type":"branch","line":8,"loc":{"start":{"line":8,"column":21},"end":{"line":9,"column":78}},"locations":[{"start":{"line":8,"column":21},"end":{"line":9,"column":78}}]},"2":{"type":"branch","line":9,"loc":{"start":{"line":9,"column":14},"end":{"line":10,"column":80}},"locations":[{"start":{"line":9,"column":14},"end":{"line":10,"column":80}}]}},"b":{"0":[107],"1":[7],"2":[100]},"fnMap":{"0":{"name":"render","decl":{"start":{"line":4,"column":2},"end":{"line":18,"column":3}},"loc":{"start":{"line":4,"column":2},"end":{"line":18,"column":3}},"line":4}},"f":{"0":107}}
,"C:\\Users\\igorm\\OneDrive\\Документы\\JS Coding 2025\\02_React\\rs-react2025\\rs-react-app\\src\\component\\ErrorBoundary.tsx": {"path":"C:\\Users\\igorm\\OneDrive\\Документы\\JS Coding 2025\\02_React\\rs-react2025\\rs-react-app\\src\\component\\ErrorBoundary.tsx","all":false,"statementMap":{"0":{"start":{"line":1,"column":0},"end":{"line":1,"column":66}},"2":{"start":{"line":3,"column":0},"end":{"line":3,"column":38}},"5":{"start":{"line":6,"column":0},"end":{"line":6,"column":3}},"6":{"start":{"line":7,"column":0},"end":{"line":7,"column":47}},"7":{"start":{"line":8,"column":0},"end":{"line":8,"column":17}},"8":{"start":{"line":9,"column":0},"end":{"line":9,"column":67}},"9":{"start":{"line":10,"column":0},"end":{"line":10,"column":3}},"11":{"start":{"line":12,"column":0},"end":{"line":12,"column":37}},"12":{"start":{"line":13,"column":0},"end":{"line":13,"column":30}},"13":{"start":{"line":14,"column":0},"end":{"line":14,"column":3}},"15":{"start":{"line":16,"column":0},"end":{"line":16,"column":57}},"16":{"start":{"line":17,"column":0},"end":{"line":17,"column":31}},"17":{"start":{"line":18,"column":0},"end":{"line":18,"column":55}},"18":{"start":{"line":19,"column":0},"end":{"line":19,"column":5}},"19":{"start":{"line":20,"column":0},"end":{"line":20,"column":58}},"20":{"start":{"line":21,"column":0},"end":{"line":21,"column":3}},"21":{"start":{"line":22,"column":0},"end":{"line":22,"column":12}},"22":{"start":{"line":23,"column":0},"end":{"line":23,"column":30}},"23":{"start":{"line":24,"column":0},"end":{"line":24,"column":14}},"24":{"start":{"line":25,"column":0},"end":{"line":25,"column":13}},"25":{"start":{"line":26,"column":0},"end":{"line":26,"column":76}},"26":{"start":{"line":27,"column":0},"end":{"line":27,"column":54}},"27":{"start":{"line":28,"column":0},"end":{"line":28,"column":42}},"28":{"start":{"line":29,"column":0},"end":{"line":29,"column":18}},"29":{"start":{"line":30,"column":0},"end":{"line":30,"column":50}},"30":{"start":{"line":31,"column":0},"end":{"line":31,"column":20}},"31":{"start":{"line":32,"column":0},"end":{"line":32,"column":17}},"32":{"start":{"line":33,"column":0},"end":{"line":33,"column":28}},"33":{"start":{"line":34,"column":0},"end":{"line":34,"column":39}},"34":{"start":{"line":35,"column":0},"end":{"line":35,"column":14}},"35":{"start":{"line":36,"column":0},"end":{"line":36,"column":168}},"36":{"start":{"line":37,"column":0},"end":{"line":37,"column":11}},"38":{"start":{"line":39,"column":0},"end":{"line":39,"column":19}},"39":{"start":{"line":40,"column":0},"end":{"line":40,"column":14}},"41":{"start":{"line":42,"column":0},"end":{"line":42,"column":5}},"43":{"start":{"line":44,"column":0},"end":{"line":44,"column":31}},"44":{"start":{"line":45,"column":0},"end":{"line":45,"column":3}},"45":{"start":{"line":46,"column":0},"end":{"line":46,"column":1}},"47":{"start":{"line":48,"column":0},"end":{"line":48,"column":29}}},"s":{"0":1,"2":1,"5":1,"6":1,"7":19,"8":19,"9":19,"11":1,"12":12,"13":12,"15":1,"16":5,"17":0,"18":0,"19":5,"20":5,"21":1,"22":35,"23":18,"24":18,"25":18,"26":18,"27":18,"28":18,"29":18,"30":18,"31":18,"32":18,"33":1,"34":1,"35":18,"36":18,"38":18,"39":18,"41":18,"43":17,"44":35,"45":1,"47":1},"branchMap":{"0":{"type":"branch","line":7,"loc":{"start":{"line":7,"column":2},"end":{"line":10,"column":3}},"locations":[{"start":{"line":7,"column":2},"end":{"line":10,"column":3}}]},"1":{"type":"branch","line":12,"loc":{"start":{"line":12,"column":9},"end":{"line":14,"column":3}},"locations":[{"start":{"line":12,"column":9},"end":{"line":14,"column":3}}]},"2":{"type":"branch","line":16,"loc":{"start":{"line":16,"column":2},"end":{"line":21,"column":3}},"locations":[{"start":{"line":16,"column":2},"end":{"line":21,"column":3}}]},"3":{"type":"branch","line":17,"loc":{"start":{"line":17,"column":30},"end":{"line":19,"column":5}},"locations":[{"start":{"line":17,"column":30},"end":{"line":19,"column":5}}]},"4":{"type":"branch","line":22,"loc":{"start":{"line":22,"column":2},"end":{"line":45,"column":3}},"locations":[{"start":{"line":22,"column":2},"end":{"line":45,"column":3}}]},"5":{"type":"branch","line":23,"loc":{"start":{"line":23,"column":29},"end":{"line":42,"column":5}},"locations":[{"start":{"line":23,"column":29},"end":{"line":42,"column":5}}]},"6":{"type":"branch","line":28,"loc":{"start":{"line":28,"column":24},"end":{"line":28,"column":40}},"locations":[{"start":{"line":28,"column":24},"end":{"line":28,"column":40}}]},"7":{"type":"branch","line":30,"loc":{"start":{"line":30,"column":24},"end":{"line":30,"column":50}},"locations":[{"start":{"line":30,"column":24},"end":{"line":30,"column":50}}]},"8":{"type":"branch","line":42,"loc":{"start":{"line":42,"column":4},"end":{"line":44,"column":31}},"locations":[{"start":{"line":42,"column":4},"end":{"line":44,"column":31}}]},"9":{"type":"branch","line":33,"loc":{"start":{"line":33,"column":21},"end":{"line":35,"column":14}},"locations":[{"start":{"line":33,"column":21},"end":{"line":35,"column":14}}]}},"b":{"0":[19],"1":[12],"2":[5],"3":[0],"4":[35],"5":[18],"6":[6],"7":[6],"8":[17],"9":[1]},"fnMap":{"0":{"name":"ErrorBoundary","decl":{"start":{"line":7,"column":2},"end":{"line":10,"column":3}},"loc":{"start":{"line":7,"column":2},"end":{"line":10,"column":3}},"line":7},"1":{"name":"getDerivedStateFromError","decl":{"start":{"line":12,"column":9},"end":{"line":14,"column":3}},"loc":{"start":{"line":12,"column":9},"end":{"line":14,"column":3}},"line":12},"2":{"name":"componentDidCatch","decl":{"start":{"line":16,"column":2},"end":{"line":21,"column":3}},"loc":{"start":{"line":16,"column":2},"end":{"line":21,"column":3}},"line":16},"3":{"name":"render","decl":{"start":{"line":22,"column":2},"end":{"line":45,"column":3}},"loc":{"start":{"line":22,"column":2},"end":{"line":45,"column":3}},"line":22},"4":{"name":"onClick","decl":{"start":{"line":33,"column":21},"end":{"line":35,"column":14}},"loc":{"start":{"line":33,"column":21},"end":{"line":35,"column":14}},"line":33}},"f":{"0":19,"1":12,"2":5,"3":35,"4":1}}
,"C:\\Users\\igorm\\OneDrive\\Документы\\JS Coding 2025\\02_React\\rs-react2025\\rs-react-app\\src\\component\\Result.tsx": {"path":"C:\\Users\\igorm\\OneDrive\\Документы\\JS Coding 2025\\02_React\\rs-react2025\\rs-react-app\\src\\component\\Result.tsx","all":false,"statementMap":{"0":{"start":{"line":1,"column":0},"end":{"line":1,"column":34}},"1":{"start":{"line":2,"column":0},"end":{"line":2,"column":26}},"3":{"start":{"line":4,"column":0},"end":{"line":4,"column":77}},"4":{"start":{"line":5,"column":0},"end":{"line":5,"column":34}},"5":{"start":{"line":6,"column":0},"end":{"line":6,"column":36}},"6":{"start":{"line":7,"column":0},"end":{"line":7,"column":4}},"7":{"start":{"line":8,"column":0},"end":{"line":8,"column":12}},"8":{"start":{"line":9,"column":0},"end":{"line":9,"column":12}},"9":{"start":{"line":10,"column":0},"end":{"line":10,"column":52}},"10":{"start":{"line":11,"column":0},"end":{"line":11,"column":40}},"11":{"start":{"line":12,"column":0},"end":{"line":12,"column":46}},"12":{"start":{"line":13,"column":0},"end":{"line":13,"column":20}},"13":{"start":{"line":14,"column":0},"end":{"line":14,"column":75}},"15":{"start":{"line":16,"column":0},"end":{"line":16,"column":12}},"17":{"start":{"line":18,"column":0},"end":{"line":18,"column":72}},"19":{"start":{"line":20,"column":0},"end":{"line":20,"column":11}},"21":{"start":{"line":22,"column":0},"end":{"line":22,"column":3}},"22":{"start":{"line":23,"column":0},"end":{"line":23,"column":1}},"24":{"start":{"line":25,"column":0},"end":{"line":25,"column":22}}},"s":{"0":1,"1":1,"3":1,"4":4,"5":4,"6":4,"7":4,"8":107,"9":107,"10":107,"11":12,"12":120,"13":120,"15":12,"17":95,"19":107,"21":107,"22":4,"24":1},"branchMap":{"0":{"type":"branch","line":4,"loc":{"start":{"line":4,"column":76},"end":{"line":23,"column":1}},"locations":[{"start":{"line":4,"column":76},"end":{"line":23,"column":1}}]},"1":{"type":"branch","line":8,"loc":{"start":{"line":8,"column":2},"end":{"line":22,"column":3}},"locations":[{"start":{"line":8,"column":2},"end":{"line":22,"column":3}}]},"2":{"type":"branch","line":11,"loc":{"start":{"line":11,"column":35},"end":{"line":16,"column":12}},"locations":[{"start":{"line":11,"column":35},"end":{"line":16,"column":12}}]},"3":{"type":"branch","line":16,"loc":{"start":{"line":16,"column":11},"end":{"line":18,"column":72}},"locations":[{"start":{"line":16,"column":11},"end":{"line":18,"column":72}}]},"4":{"type":"branch","line":12,"loc":{"start":{"line":12,"column":31},"end":{"line":16,"column":11}},"locations":[{"start":{"line":12,"column":31},"end":{"line":16,"column":11}}]}},"b":{"0":[4],"1":[107],"2":[12],"3":[95],"4":[120]},"fnMap":{"0":{"name":"<static_initializer>","decl":{"start":{"line":4,"column":76},"end":{"line":23,"column":1}},"loc":{"start":{"line":4,"column":76},"end":{"line":23,"column":1}},"line":4},"1":{"name":"render","decl":{"start":{"line":8,"column":2},"end":{"line":22,"column":3}},"loc":{"start":{"line":8,"column":2},"end":{"line":22,"column":3}},"line":8}},"f":{"0":4,"1":107}}
,"C:\\Users\\igorm\\OneDrive\\Документы\\JS Coding 2025\\02_React\\rs-react2025\\rs-react-app\\src\\component\\Search.tsx": {"path":"C:\\Users\\igorm\\OneDrive\\Документы\\JS Coding 2025\\02_React\\rs-react2025\\rs-react-app\\src\\component\\Search.tsx","all":false,"statementMap":{"0":{"start":{"line":1,"column":0},"end":{"line":1,"column":58}},"2":{"start":{"line":3,"column":0},"end":{"line":3,"column":32}},"7":{"start":{"line":8,"column":0},"end":{"line":8,"column":4}},"8":{"start":{"line":9,"column":0},"end":{"line":9,"column":12}},"9":{"start":{"line":10,"column":0},"end":{"line":10,"column":33}},"10":{"start":{"line":11,"column":0},"end":{"line":11,"column":36}},"11":{"start":{"line":12,"column":0},"end":{"line":12,"column":5}},"12":{"start":{"line":13,"column":0},"end":{"line":13,"column":12}},"13":{"start":{"line":14,"column":0},"end":{"line":14,"column":67}},"14":{"start":{"line":15,"column":0},"end":{"line":15,"column":41}},"15":{"start":{"line":16,"column":0},"end":{"line":16,"column":57}},"16":{"start":{"line":17,"column":0},"end":{"line":17,"column":18}},"17":{"start":{"line":18,"column":0},"end":{"line":18,"column":20}},"18":{"start":{"line":19,"column":0},"end":{"line":19,"column":22}},"19":{"start":{"line":20,"column":0},"end":{"line":20,"column":244}},"20":{"start":{"line":21,"column":0},"end":{"line":21,"column":52}},"21":{"start":{"line":22,"column":0},"end":{"line":22,"column":27}},"22":{"start":{"line":23,"column":0},"end":{"line":23,"column":31}},"23":{"start":{"line":24,"column":0},"end":{"line":24,"column":44}},"24":{"start":{"line":25,"column":0},"end":{"line":25,"column":38}},"25":{"start":{"line":26,"column":0},"end":{"line":26,"column":21}},"27":{"start":{"line":28,"column":0},"end":{"line":28,"column":19}},"28":{"start":{"line":29,"column":0},"end":{"line":29,"column":27}},"29":{"start":{"line":30,"column":0},"end":{"line":30,"column":302}},"30":{"start":{"line":31,"column":0},"end":{"line":31,"column":43}},"31":{"start":{"line":32,"column":0},"end":{"line":32,"column":13}},"33":{"start":{"line":34,"column":0},"end":{"line":34,"column":21}},"34":{"start":{"line":35,"column":0},"end":{"line":35,"column":17}},"35":{"start":{"line":36,"column":0},"end":{"line":36,"column":14}},"36":{"start":{"line":37,"column":0},"end":{"line":37,"column":12}},"38":{"start":{"line":39,"column":0},"end":{"line":39,"column":3}},"39":{"start":{"line":40,"column":0},"end":{"line":40,"column":1}},"41":{"start":{"line":42,"column":0},"end":{"line":42,"column":22}}},"s":{"0":1,"2":1,"7":1,"8":1,"9":111,"10":4,"11":4,"12":107,"13":107,"14":107,"15":107,"16":107,"17":107,"18":107,"19":107,"20":107,"21":107,"22":107,"23":107,"24":107,"25":107,"27":107,"28":107,"29":107,"30":107,"31":107,"33":107,"34":107,"35":107,"36":107,"38":111,"39":1,"41":1},"branchMap":{"0":{"type":"branch","line":9,"loc":{"start":{"line":9,"column":2},"end":{"line":39,"column":3}},"locations":[{"start":{"line":9,"column":2},"end":{"line":39,"column":3}}]},"1":{"type":"branch","line":10,"loc":{"start":{"line":10,"column":32},"end":{"line":12,"column":5}},"locations":[{"start":{"line":10,"column":32},"end":{"line":12,"column":5}}]},"2":{"type":"branch","line":12,"loc":{"start":{"line":12,"column":4},"end":{"line":37,"column":12}},"locations":[{"start":{"line":12,"column":4},"end":{"line":37,"column":12}}]}},"b":{"0":[111],"1":[4],"2":[107]},"fnMap":{"0":{"name":"render","decl":{"start":{"line":9,"column":2},"end":{"line":39,"column":3}},"loc":{"start":{"line":9,"column":2},"end":{"line":39,"column":3}},"line":9}},"f":{"0":111}}
,"C:\\Users\\igorm\\OneDrive\\Документы\\JS Coding 2025\\02_React\\rs-react2025\\rs-react-app\\src\\component\\Spinner.tsx": {"path":"C:\\Users\\igorm\\OneDrive\\Документы\\JS Coding 2025\\02_React\\rs-react2025\\rs-react-app\\src\\component\\Spinner.tsx","all":false,"statementMap":{"0":{"start":{"line":1,"column":0},"end":{"line":1,"column":34}},"2":{"start":{"line":3,"column":0},"end":{"line":3,"column":51}},"3":{"start":{"line":4,"column":0},"end":{"line":4,"column":12}},"4":{"start":{"line":5,"column":0},"end":{"line":5,"column":21}},"5":{"start":{"line":6,"column":0},"end":{"line":6,"column":10}},"6":{"start":{"line":7,"column":0},"end":{"line":7,"column":29}},"7":{"start":{"line":8,"column":0},"end":{"line":8,"column":19}},"8":{"start":{"line":9,"column":0},"end":{"line":9,"column":24}},"9":{"start":{"line":10,"column":0},"end":{"line":10,"column":76}},"10":{"start":{"line":11,"column":0},"end":{"line":11,"column":78}},"13":{"start":{"line":14,"column":0},"end":{"line":14,"column":58}},"14":{"start":{"line":15,"column":0},"end":{"line":15,"column":56}},"15":{"start":{"line":16,"column":0},"end":{"line":16,"column":14}},"16":{"start":{"line":17,"column":0},"end":{"line":17,"column":58}},"17":{"start":{"line":18,"column":0},"end":{"line":18,"column":46}},"18":{"start":{"line":19,"column":0},"end":{"line":19,"column":23}},"19":{"start":{"line":20,"column":0},"end":{"line":20,"column":31}},"21":{"start":{"line":22,"column":0},"end":{"line":22,"column":19}},"22":{"start":{"line":23,"column":0},"end":{"line":23,"column":36}},"23":{"start":{"line":24,"column":0},"end":{"line":24,"column":21}},"24":{"start":{"line":25,"column":0},"end":{"line":25,"column":21}},"25":{"start":{"line":26,"column":0},"end":{"line":26,"column":20}},"26":{"start":{"line":27,"column":0},"end":{"line":27,"column":35}},"27":{"start":{"line":28,"column":0},"end":{"line":28,"column":29}},"28":{"start":{"line":29,"column":0},"end":{"line":29,"column":22}},"29":{"start":{"line":30,"column":0},"end":{"line":30,"column":17}},"30":{"start":{"line":31,"column":0},"end":{"line":31,"column":36}},"31":{"start":{"line":32,"column":0},"end":{"line":32,"column":33}},"32":{"start":{"line":33,"column":0},"end":{"line":33,"column":129}},"33":{"start":{"line":34,"column":0},"end":{"line":34,"column":20}},"34":{"start":{"line":35,"column":0},"end":{"line":35,"column":16}},"35":{"start":{"line":36,"column":0},"end":{"line":36,"column":14}},"36":{"start":{"line":37,"column":0},"end":{"line":37,"column":12}},"38":{"start":{"line":39,"column":0},"end":{"line":39,"column":43}},"39":{"start":{"line":40,"column":0},"end":{"line":40,"column":3}},"40":{"start":{"line":41,"column":0},"end":{"line":41,"column":1}},"42":{"start":{"line":43,"column":0},"end":{"line":43,"column":23}}},"s":{"0":1,"2":1,"3":1,"4":107,"5":107,"6":107,"7":107,"8":107,"9":49,"10":58,"13":107,"14":107,"15":107,"16":107,"17":107,"18":107,"19":107,"21":107,"22":107,"23":107,"24":107,"25":107,"26":107,"27":107,"28":107,"29":107,"30":107,"31":107,"32":107,"33":107,"34":107,"35":107,"36":107,"38":107,"39":107,"40":1,"42":1},"branchMap":{"0":{"type":"branch","line":4,"loc":{"start":{"line":4,"column":2},"end":{"line":40,"column":3}},"locations":[{"start":{"line":4,"column":2},"end":{"line":40,"column":3}}]},"1":{"type":"branch","line":9,"loc":{"start":{"line":9,"column":21},"end":{"line":10,"column":76}},"locations":[{"start":{"line":9,"column":21},"end":{"line":10,"column":76}}]},"2":{"type":"branch","line":10,"loc":{"start":{"line":10,"column":14},"end":{"line":11,"column":78}},"locations":[{"start":{"line":10,"column":14},"end":{"line":11,"column":78}}]},"3":{"type":"branch","line":39,"loc":{"start":{"line":39,"column":22},"end":{"line":39,"column":38}},"locations":[{"start":{"line":39,"column":22},"end":{"line":39,"column":38}}]},"4":{"type":"branch","line":39,"loc":{"start":{"line":39,"column":28},"end":{"line":39,"column":43}},"locations":[{"start":{"line":39,"column":28},"end":{"line":39,"column":43}}]}},"b":{"0":[107],"1":[49],"2":[58],"3":[49],"4":[58]},"fnMap":{"0":{"name":"render","decl":{"start":{"line":4,"column":2},"end":{"line":40,"column":3}},"loc":{"start":{"line":4,"column":2},"end":{"line":40,"column":3}},"line":4}},"f":{"0":107}}
}
